<?xml version="1.0" encoding="UTF-8"?>
<!-- Generated by org.testng.reporters.JUnitReportReporter -->
<testsuite hostname="DESKTOP-A5VV87D" failures="0" tests="1" name="TestFile.firstTest" time="0.028" errors="0" timestamp="2022-12-04T12:47:16 IST" skipped="0">
  <testcase classname="TestFile.firstTest" name="landingtest" time="0.028"/>
  <system-out/>
</testsuite> <!-- TestFile.firstTest -->
