<?xml version="1.0" encoding="UTF-8"?>
<!-- Generated by org.testng.reporters.JUnitReportReporter -->
<testsuite hostname="DESKTOP-A5VV87D" failures="0" tests="1" name="TestFile.DashboardPageTest" time="45.245" errors="0" timestamp="2022-12-11T00:22:18 IST" skipped="0">
  <testcase classname="TestFile.DashboardPageTest" name="verify_list_items_under_quicklaunch_widget" time="45.245"/>
  <system-out/>
</testsuite> <!-- TestFile.DashboardPageTest -->
